2025-06-08 18:39:45 [WARN] (UserAPI) - Slow response detected
2025-06-08 04:15:15 [INFO] (AuthService) - Data fetched successfully
2025-06-08 11:36:58 [INFO] (PaymentService) - Data fetched successfully
2025-06-08 00:09:29 [INFO] (EmailWorker) - Heartbeat check passed
2025-06-08 00:42:21 [INFO] (PaymentService) - Service started
2025-06-08 02:16:20 [INFO] (AuthService) - Request processed
2025-06-08 14:52:37 [ERROR] (AuthService) - Failed to connect to DB
2025-06-08 08:17:02 [DEBUG] (PaymentService) - Variable x initialized
2025-06-08 12:28:30 [DEBUG] (AuthService) - SQL Query prepared
2025-06-08 07:33:57 [INFO] (AuthService) - Heartbeat check passed
2025-06-08 05:22:13 [CRITICAL] (AuthService) - Disk full
2025-06-08 06:45:08 [DEBUG] (AuthService) - Variable x initialized
2025-06-08 07:10:59 [WARN] (EmailWorker) - Slow response detected
2025-06-08 12:10:04 [WARN] (PaymentService) - Slow response detected
2025-06-08 11:30:34 [INFO] (PaymentService) - Request processed
2025-06-08 03:43:04 [INFO] (DBConnector) - Data fetched successfully
2025-06-07 19:30:39 [INFO] (EmailWorker) - Heartbeat check passed
2025-06-07 23:28:09 [DEBUG] (UserAPI) - SQL Query prepared
2025-06-08 20:16:55 [ERROR] (AuthService) - Invalid input
2025-06-07 23:49:19 [INFO] (EmailWorker) - Service started
2025-06-08 01:07:43 [ERROR] (DBConnector) - Timeout while calling external service
2025-06-08 09:37:35 [DEBUG] (EmailWorker) - SQL Query prepared
2025-06-08 06:17:10 [WARN] (AuthService) - Slow response detected
2025-06-08 09:27:31 [INFO] (AuthService) - Request processed
2025-06-08 19:42:52 [DEBUG] (DBConnector) - User ID parsed
2025-06-08 15:18:24 [WARN] (AuthService) - Deprecated API used
2025-06-08 15:56:28 [CRITICAL] (AuthService) - Security breach detected
2025-06-07 21:39:14 [WARN] (EmailWorker) - Slow response detected
2025-06-08 01:46:47 [INFO] (UserAPI) - Request processed
2025-06-08 13:21:32 [DEBUG] (UserAPI) - SQL Query prepared
2025-06-08 00:15:13 [DEBUG] (AuthService) - Variable x initialized
2025-06-08 05:59:12 [INFO] (PaymentService) - Data fetched successfully
2025-06-08 04:00:51 [DEBUG] (PaymentService) - User ID parsed
2025-06-08 06:30:03 [INFO] (PaymentService) - Data fetched successfully
2025-06-07 19:13:47 [INFO] (EmailWorker) - Service started
2025-06-08 19:22:59 [WARN] (PaymentService) - Slow response detected
2025-06-08 20:57:54 [INFO] (UserAPI) - Heartbeat check passed
2025-06-08 16:50:02 [DEBUG] (PaymentService) - User ID parsed
2025-06-08 05:26:12 [CRITICAL] (UserAPI) - Data corruption identified
2025-06-08 00:38:42 [DEBUG] (AuthService) - Variable x initialized
2025-06-08 07:51:25 [INFO] (PaymentService) - Data fetched successfully
2025-06-08 09:34:46 [INFO] (UserAPI) - Heartbeat check passed
2025-06-08 01:08:42 [ERROR] (DBConnector) - Timeout while calling external service
2025-06-07 23:25:05 [INFO] (UserAPI) - Data fetched successfully
2025-06-08 10:40:18 [DEBUG] (PaymentService) - SQL Query prepared
2025-06-08 01:46:35 [WARN] (PaymentService) - High memory usage
2025-06-08 05:07:46 [INFO] (DBConnector) - Heartbeat check passed
2025-06-08 06:22:02 [INFO] (EmailWorker) - Heartbeat check passed
2025-06-07 23:25:33 [CRITICAL] (AuthService) - Data corruption identified
2025-06-07 23:03:44 [WARN] (PaymentService) - Slow response detected
2025-06-08 13:52:54 [INFO] (UserAPI) - Request processed
2025-06-07 20:31:35 [INFO] (AuthService) - Service started
2025-06-08 01:21:45 [WARN] (EmailWorker) - Deprecated API used
2025-06-08 00:23:52 [CRITICAL] (EmailWorker) - Data corruption identified
2025-06-08 11:14:20 [ERROR] (AuthService) - Failed to connect to DB
2025-06-08 03:21:55 [WARN] (UserAPI) - Retrying operation
2025-06-08 12:53:15 [ERROR] (AuthService) - Invalid input
2025-06-08 19:03:23 [INFO] (PaymentService) - Request processed
2025-06-08 13:40:33 [ERROR] (PaymentService) - Unhandled exception
2025-06-08 12:09:30 [INFO] (DBConnector) - Service started
2025-06-08 01:41:38 [INFO] (UserAPI) - Data fetched successfully
2025-06-08 14:30:53 [CRITICAL] (PaymentService) - Security breach detected
2025-06-08 20:22:13 [DEBUG] (PaymentService) - Variable x initialized
2025-06-08 08:41:08 [INFO] (DBConnector) - Heartbeat check passed
2025-06-08 17:32:14 [INFO] (AuthService) - Heartbeat check passed
2025-06-08 19:35:34 [DEBUG] (PaymentService) - SQL Query prepared
2025-06-08 20:31:42 [INFO] (UserAPI) - Service started
2025-06-07 20:19:37 [INFO] (EmailWorker) - Service started
2025-06-08 18:37:02 [CRITICAL] (PaymentService) - Data corruption identified
2025-06-08 06:54:52 [INFO] (UserAPI) - Service started
2025-06-08 10:59:33 [INFO] (AuthService) - Data fetched successfully
2025-06-08 12:06:16 [DEBUG] (UserAPI) - Variable x initialized
2025-06-08 15:54:07 [INFO] (EmailWorker) - Heartbeat check passed
2025-06-08 00:29:06 [DEBUG] (AuthService) - Cache miss, retrying
2025-06-08 07:30:35 [INFO] (UserAPI) - Service started
2025-06-08 16:13:26 [DEBUG] (DBConnector) - SQL Query prepared
2025-06-07 22:22:21 [INFO] (DBConnector) - Service started
2025-06-08 13:36:04 [INFO] (UserAPI) - Service started
2025-06-08 00:33:39 [INFO] (PaymentService) - Heartbeat check passed
2025-06-08 12:23:26 [DEBUG] (UserAPI) - Cache miss, retrying
2025-06-07 21:33:18 [INFO] (UserAPI) - Service started
2025-06-08 17:22:51 [INFO] (AuthService) - Request processed
2025-06-07 23:01:36 [ERROR] (AuthService) - Invalid input
2025-06-08 05:57:09 [DEBUG] (DBConnector) - Cache miss, retrying
2025-06-07 19:58:25 [DEBUG] (EmailWorker) - SQL Query prepared
2025-06-08 02:38:19 [DEBUG] (EmailWorker) - SQL Query prepared
2025-06-08 14:34:29 [WARN] (UserAPI) - Retrying operation
2025-06-08 17:33:14 [INFO] (AuthService) - Heartbeat check passed
2025-06-07 22:29:07 [DEBUG] (EmailWorker) - User ID parsed
2025-06-08 18:51:41 [INFO] (DBConnector) - Data fetched successfully
2025-06-08 13:13:21 [INFO] (AuthService) - Service started
2025-06-08 19:19:43 [INFO] (PaymentService) - Data fetched successfully
2025-06-08 13:35:21 [WARN] (AuthService) - Deprecated API used
2025-06-07 21:02:48 [INFO] (UserAPI) - Request processed
2025-06-08 01:00:58 [DEBUG] (AuthService) - Variable x initialized
2025-06-07 20:45:12 [WARN] (EmailWorker) - Slow response detected
2025-06-08 07:40:21 [CRITICAL] (AuthService) - Data corruption identified
2025-06-08 02:04:32 [DEBUG] (EmailWorker) - SQL Query prepared
2025-06-08 19:02:24 [INFO] (EmailWorker) - Request processed
2025-06-07 23:41:41 [DEBUG] (UserAPI) - Variable x initialized
2025-06-08 11:09:11 [DEBUG] (DBConnector) - Cache miss, retrying
2025-06-08 03:00:01 [DEBUG] (AuthService) - SQL Query prepared
2025-06-08 01:31:36 [ERROR] (UserAPI) - Invalid input
2025-06-08 13:23:06 [ERROR] (DBConnector) - Unhandled exception
2025-06-08 02:06:03 [WARN] (EmailWorker) - Slow response detected
2025-06-08 18:38:26 [INFO] (AuthService) - Request processed
2025-06-08 08:00:58 [ERROR] (UserAPI) - Invalid input
2025-06-08 12:35:33 [INFO] (PaymentService) - Data fetched successfully
2025-06-08 07:38:42 [INFO] (AuthService) - Data fetched successfully
2025-06-08 06:21:39 [WARN] (UserAPI) - Retrying operation
2025-06-08 18:00:18 [DEBUG] (PaymentService) - Variable x initialized
2025-06-08 14:15:06 [WARN] (DBConnector) - Deprecated API used
2025-06-07 22:42:06 [INFO] (UserAPI) - Heartbeat check passed
2025-06-08 06:53:07 [INFO] (DBConnector) - Data fetched successfully
2025-06-08 07:31:27 [INFO] (EmailWorker) - Request processed
2025-06-08 13:00:00 [INFO] (PaymentService) - Heartbeat check passed
2025-06-08 01:20:15 [WARN] (AuthService) - Deprecated API used
2025-06-07 22:44:59 [INFO] (PaymentService) - Service started
2025-06-08 07:55:48 [DEBUG] (UserAPI) - Cache miss, retrying
2025-06-07 22:55:07 [ERROR] (DBConnector) - Failed to connect to DB
2025-06-07 19:48:14 [INFO] (DBConnector) - Service started
2025-06-08 01:50:48 [INFO] (PaymentService) - Heartbeat check passed
2025-06-08 14:49:52 [INFO] (UserAPI) - Service started
2025-06-08 12:06:34 [CRITICAL] (EmailWorker) - Data corruption identified
2025-06-08 00:43:46 [INFO] (DBConnector) - Heartbeat check passed
2025-06-08 11:54:41 [INFO] (DBConnector) - Heartbeat check passed
2025-06-08 04:13:52 [DEBUG] (AuthService) - Variable x initialized
2025-06-08 08:00:57 [INFO] (AuthService) - Service started
2025-06-08 02:57:41 [INFO] (EmailWorker) - Heartbeat check passed
2025-06-08 12:27:24 [INFO] (EmailWorker) - Request processed
2025-06-08 12:06:11 [CRITICAL] (EmailWorker) - Security breach detected
2025-06-08 07:31:46 [INFO] (PaymentService) - Data fetched successfully
2025-06-08 14:56:50 [CRITICAL] (EmailWorker) - Security breach detected
2025-06-07 18:04:05 [ERROR] (UserAPI) - Failed to connect to DB
2025-06-08 06:15:44 [INFO] (UserAPI) - Request processed
2025-06-08 17:20:00 [INFO] (AuthService) - Heartbeat check passed
2025-06-08 19:53:02 [WARN] (EmailWorker) - High memory usage
2025-06-08 10:53:34 [DEBUG] (UserAPI) - SQL Query prepared
2025-06-08 09:30:19 [WARN] (UserAPI) - High memory usage
2025-06-08 20:25:24 [WARN] (UserAPI) - Retrying operation
2025-06-08 17:38:34 [DEBUG] (EmailWorker) - User ID parsed
2025-06-08 12:27:05 [INFO] (EmailWorker) - Service started
2025-06-07 19:42:33 [CRITICAL] (AuthService) - Disk full
2025-06-08 16:39:08 [WARN] (UserAPI) - Slow response detected
2025-06-08 10:40:15 [WARN] (AuthService) - Slow response detected
2025-06-08 05:43:36 [DEBUG] (UserAPI) - Variable x initialized
2025-06-08 13:51:37 [INFO] (PaymentService) - Request processed
2025-06-08 03:16:00 [INFO] (UserAPI) - Request processed
2025-06-07 22:38:07 [INFO] (PaymentService) - Request processed
2025-06-08 02:35:33 [INFO] (PaymentService) - Service started
2025-06-08 11:15:57 [INFO] (PaymentService) - Heartbeat check passed
2025-06-08 07:51:17 [INFO] (EmailWorker) - Service started
2025-06-08 15:10:15 [DEBUG] (AuthService) - Variable x initialized
2025-06-08 09:56:46 [INFO] (UserAPI) - Request processed
2025-06-08 09:34:41 [INFO] (DBConnector) - Request processed
2025-06-08 18:29:29 [WARN] (AuthService) - Deprecated API used
2025-06-08 15:21:51 [DEBUG] (AuthService) - SQL Query prepared
2025-06-07 21:32:44 [INFO] (AuthService) - Heartbeat check passed
2025-06-07 20:09:37 [INFO] (UserAPI) - Service started
2025-06-08 00:12:14 [ERROR] (UserAPI) - Invalid input
2025-06-07 17:28:14 [WARN] (AuthService) - Retrying operation
2025-06-08 06:45:52 [INFO] (AuthService) - Request processed
2025-06-07 21:41:26 [WARN] (AuthService) - High memory usage
2025-06-08 14:46:51 [INFO] (DBConnector) - Service started
2025-06-08 06:22:07 [ERROR] (DBConnector) - Invalid input
2025-06-07 22:11:32 [WARN] (PaymentService) - High memory usage
2025-06-08 10:51:15 [WARN] (UserAPI) - Deprecated API used
2025-06-07 20:35:44 [INFO] (DBConnector) - Heartbeat check passed
2025-06-08 17:52:27 [CRITICAL] (PaymentService) - System out of memory
2025-06-07 23:20:20 [INFO] (UserAPI) - Request processed
2025-06-07 21:43:24 [INFO] (AuthService) - Service started
2025-06-08 14:26:24 [DEBUG] (EmailWorker) - User ID parsed
2025-06-08 04:08:59 [DEBUG] (PaymentService) - User ID parsed
2025-06-08 05:58:09 [DEBUG] (DBConnector) - SQL Query prepared
2025-06-08 09:06:14 [INFO] (UserAPI) - Request processed
2025-06-08 10:47:02 [WARN] (AuthService) - Retrying operation
2025-06-08 15:33:22 [DEBUG] (AuthService) - Cache miss, retrying
2025-06-08 16:31:08 [INFO] (DBConnector) - Data fetched successfully
2025-06-08 10:10:54 [INFO] (PaymentService) - Heartbeat check passed
2025-06-08 18:00:23 [INFO] (UserAPI) - Data fetched successfully
2025-06-08 20:34:42 [DEBUG] (UserAPI) - User ID parsed
2025-06-07 19:13:51 [ERROR] (DBConnector) - Timeout while calling external service
2025-06-08 03:22:54 [DEBUG] (DBConnector) - Cache miss, retrying
2025-06-08 11:27:04 [INFO] (UserAPI) - Data fetched successfully
2025-06-08 17:45:36 [ERROR] (UserAPI) - Timeout while calling external service
2025-06-08 05:14:45 [INFO] (EmailWorker) - Heartbeat check passed
2025-06-07 18:55:42 [DEBUG] (EmailWorker) - SQL Query prepared
2025-06-08 09:29:29 [DEBUG] (EmailWorker) - Cache miss, retrying
2025-06-08 14:01:43 [CRITICAL] (UserAPI) - System out of memory
2025-06-08 12:10:12 [DEBUG] (UserAPI) - Variable x initialized
2025-06-08 16:36:56 [INFO] (UserAPI) - Service started
2025-06-08 20:10:08 [INFO] (UserAPI) - Request processed
2025-06-07 23:59:51 [WARN] (PaymentService) - High memory usage
2025-06-08 12:02:45 [INFO] (DBConnector) - Request processed
2025-06-08 01:50:53 [INFO] (AuthService) - Service started
2025-06-08 03:46:15 [INFO] (UserAPI) - Data fetched successfully
2025-06-08 03:42:24 [DEBUG] (EmailWorker) - SQL Query prepared
2025-06-07 20:57:01 [INFO] (EmailWorker) - Service started
2025-06-08 17:24:39 [INFO] (DBConnector) - Heartbeat check passed
2025-06-07 17:24:21 [INFO] (AuthService) - Heartbeat check passed
