2025-06-07 21:59:17 [DEBUG] (DBConnector) - User ID parsed
2025-06-08 05:23:35 [ERROR] (EmailWorker) - Unhandled exception
2025-06-08 01:09:05 [DEBUG] (PaymentService) - SQL Query prepared
2025-06-08 06:59:44 [INFO] (EmailWorker) - Data fetched successfully
2025-06-08 05:59:46 [CRITICAL] (AuthService) - Data corruption identified
2025-06-08 21:06:09 [INFO] (PaymentService) - Service started
2025-06-08 08:58:48 [INFO] (AuthService) - Data fetched successfully
2025-06-08 03:26:49 [WARN] (EmailWorker) - High memory usage
2025-06-08 09:54:25 [CRITICAL] (PaymentService) - Data corruption identified
2025-06-08 00:35:35 [INFO] (UserAPI) - Service started
2025-06-08 08:14:30 [INFO] (PaymentService) - Service started
2025-06-08 14:36:39 [DEBUG] (AuthService) - Cache miss, retrying
2025-06-08 08:12:16 [INFO] (PaymentService) - Heartbeat check passed
2025-06-08 05:46:07 [INFO] (UserAPI) - Service started
2025-06-08 01:37:09 [ERROR] (UserAPI) - Failed to connect to DB
2025-06-08 05:22:21 [INFO] (PaymentService) - Request processed
2025-06-07 19:15:15 [INFO] (AuthService) - Heartbeat check passed
2025-06-08 15:20:22 [ERROR] (AuthService) - Timeout while calling external service
2025-06-08 02:16:41 [INFO] (PaymentService) - Request processed
2025-06-08 06:25:07 [DEBUG] (DBConnector) - User ID parsed
2025-06-08 16:57:44 [INFO] (PaymentService) - Request processed
2025-06-07 21:27:36 [CRITICAL] (UserAPI) - Security breach detected
2025-06-08 11:58:11 [INFO] (AuthService) - Data fetched successfully
2025-06-08 14:11:48 [WARN] (AuthService) - Deprecated API used
2025-06-08 12:00:15 [INFO] (DBConnector) - Data fetched successfully
2025-06-08 07:54:02 [DEBUG] (AuthService) - Variable x initialized
2025-06-08 19:06:56 [WARN] (EmailWorker) - Retrying operation
2025-06-07 18:44:18 [INFO] (UserAPI) - Service started
2025-06-08 17:23:25 [INFO] (EmailWorker) - Heartbeat check passed
2025-06-08 08:51:33 [INFO] (UserAPI) - Service started
2025-06-08 03:56:07 [INFO] (AuthService) - Heartbeat check passed
2025-06-08 01:21:39 [INFO] (AuthService) - Service started
2025-06-07 20:23:44 [INFO] (EmailWorker) - Heartbeat check passed
2025-06-08 19:53:28 [INFO] (PaymentService) - Request processed
2025-06-08 04:27:25 [INFO] (PaymentService) - Request processed
2025-06-08 14:28:19 [INFO] (DBConnector) - Service started
2025-06-07 17:32:41 [WARN] (PaymentService) - Deprecated API used
2025-06-08 17:00:28 [INFO] (PaymentService) - Heartbeat check passed
2025-06-08 16:03:26 [INFO] (PaymentService) - Data fetched successfully
2025-06-08 08:46:52 [DEBUG] (DBConnector) - Cache miss, retrying
2025-06-08 04:19:39 [DEBUG] (UserAPI) - Variable x initialized
2025-06-08 08:54:14 [DEBUG] (DBConnector) - Cache miss, retrying
2025-06-08 14:13:53 [DEBUG] (EmailWorker) - Variable x initialized
2025-06-08 09:36:58 [INFO] (AuthService) - Request processed
2025-06-08 16:41:25 [INFO] (EmailWorker) - Heartbeat check passed
2025-06-08 21:06:26 [INFO] (PaymentService) - Request processed
2025-06-08 02:01:39 [INFO] (EmailWorker) - Service started
2025-06-08 04:31:16 [WARN] (PaymentService) - Deprecated API used
2025-06-07 21:21:40 [DEBUG] (UserAPI) - Cache miss, retrying
2025-06-08 01:52:54 [INFO] (DBConnector) - Data fetched successfully
2025-06-08 06:32:53 [DEBUG] (DBConnector) - Cache miss, retrying
2025-06-07 21:04:40 [DEBUG] (AuthService) - Variable x initialized
2025-06-08 17:13:28 [INFO] (UserAPI) - Request processed
2025-06-08 08:27:09 [DEBUG] (DBConnector) - User ID parsed
2025-06-08 03:06:01 [WARN] (PaymentService) - High memory usage
2025-06-08 15:16:43 [ERROR] (EmailWorker) - Invalid input
2025-06-08 06:39:09 [INFO] (EmailWorker) - Request processed
2025-06-07 18:34:49 [DEBUG] (EmailWorker) - SQL Query prepared
2025-06-08 07:30:48 [INFO] (DBConnector) - Request processed
2025-06-08 10:51:04 [ERROR] (AuthService) - Invalid input
2025-06-08 12:49:16 [INFO] (EmailWorker) - Service started
2025-06-08 10:39:49 [WARN] (PaymentService) - Slow response detected
2025-06-08 20:07:01 [CRITICAL] (EmailWorker) - System out of memory
2025-06-08 09:50:10 [INFO] (PaymentService) - Request processed
2025-06-08 18:25:50 [DEBUG] (EmailWorker) - SQL Query prepared
2025-06-08 04:57:25 [DEBUG] (DBConnector) - User ID parsed
2025-06-08 01:12:53 [INFO] (AuthService) - Request processed
2025-06-08 14:07:04 [DEBUG] (PaymentService) - User ID parsed
2025-06-07 20:01:51 [DEBUG] (PaymentService) - SQL Query prepared
2025-06-07 20:04:34 [WARN] (AuthService) - Deprecated API used
2025-06-08 16:28:19 [INFO] (AuthService) - Service started
2025-06-07 18:18:28 [INFO] (AuthService) - Request processed
2025-06-08 20:46:59 [INFO] (UserAPI) - Service started
2025-06-07 22:18:00 [INFO] (UserAPI) - Heartbeat check passed
2025-06-08 06:04:12 [INFO] (AuthService) - Service started
2025-06-07 22:07:35 [WARN] (AuthService) - Retrying operation
2025-06-08 15:48:40 [INFO] (PaymentService) - Heartbeat check passed
2025-06-08 09:02:39 [INFO] (DBConnector) - Request processed
2025-06-08 00:09:13 [WARN] (UserAPI) - Slow response detected
2025-06-07 22:54:23 [DEBUG] (DBConnector) - SQL Query prepared
2025-06-08 18:16:20 [INFO] (PaymentService) - Data fetched successfully
2025-06-08 06:41:28 [INFO] (EmailWorker) - Request processed
2025-06-07 21:17:13 [ERROR] (DBConnector) - Invalid input
2025-06-08 09:47:59 [DEBUG] (PaymentService) - SQL Query prepared
2025-06-08 00:55:13 [ERROR] (EmailWorker) - Failed to connect to DB
2025-06-08 12:40:20 [DEBUG] (PaymentService) - Cache miss, retrying
2025-06-07 20:53:42 [INFO] (AuthService) - Service started
2025-06-07 19:18:08 [INFO] (PaymentService) - Service started
2025-06-07 21:14:21 [INFO] (DBConnector) - Data fetched successfully
2025-06-08 00:08:59 [DEBUG] (EmailWorker) - Cache miss, retrying
2025-06-07 17:43:32 [WARN] (UserAPI) - Slow response detected
2025-06-08 19:04:06 [INFO] (EmailWorker) - Request processed
2025-06-08 12:46:39 [INFO] (PaymentService) - Request processed
2025-06-08 19:33:55 [INFO] (PaymentService) - Data fetched successfully
2025-06-08 09:40:45 [WARN] (EmailWorker) - Deprecated API used
2025-06-07 17:52:21 [INFO] (PaymentService) - Service started
2025-06-08 05:45:20 [WARN] (DBConnector) - High memory usage
2025-06-08 00:16:48 [DEBUG] (AuthService) - Cache miss, retrying
2025-06-08 00:06:08 [DEBUG] (AuthService) - User ID parsed
2025-06-08 13:17:13 [ERROR] (AuthService) - Invalid input
2025-06-08 10:07:48 [INFO] (UserAPI) - Data fetched successfully
2025-06-07 18:36:32 [INFO] (AuthService) - Data fetched successfully
2025-06-08 18:57:05 [INFO] (EmailWorker) - Heartbeat check passed
2025-06-07 19:56:32 [INFO] (PaymentService) - Data fetched successfully
2025-06-08 17:10:35 [INFO] (UserAPI) - Heartbeat check passed
2025-06-07 17:48:55 [DEBUG] (DBConnector) - SQL Query prepared
2025-06-07 23:05:12 [INFO] (PaymentService) - Service started
2025-06-08 19:21:56 [ERROR] (PaymentService) - Failed to connect to DB
2025-06-08 19:57:57 [WARN] (DBConnector) - High memory usage
2025-06-08 13:19:42 [INFO] (PaymentService) - Request processed
2025-06-08 13:08:53 [INFO] (EmailWorker) - Service started
2025-06-08 03:21:38 [DEBUG] (PaymentService) - SQL Query prepared
2025-06-08 06:24:59 [DEBUG] (PaymentService) - User ID parsed
2025-06-08 06:50:48 [INFO] (AuthService) - Request processed
2025-06-07 22:48:28 [INFO] (EmailWorker) - Service started
2025-06-08 08:45:57 [DEBUG] (UserAPI) - SQL Query prepared
2025-06-08 12:24:58 [WARN] (PaymentService) - Slow response detected
2025-06-08 18:12:46 [ERROR] (EmailWorker) - Timeout while calling external service
2025-06-07 20:07:31 [INFO] (UserAPI) - Data fetched successfully
2025-06-07 23:51:54 [DEBUG] (DBConnector) - User ID parsed
2025-06-08 11:58:19 [DEBUG] (UserAPI) - User ID parsed
2025-06-08 04:00:09 [DEBUG] (DBConnector) - Cache miss, retrying
2025-06-08 04:29:40 [INFO] (PaymentService) - Service started
2025-06-08 17:58:35 [CRITICAL] (PaymentService) - Security breach detected
2025-06-08 07:49:24 [INFO] (DBConnector) - Data fetched successfully
2025-06-08 14:17:16 [INFO] (AuthService) - Heartbeat check passed
2025-06-07 23:25:19 [WARN] (DBConnector) - Retrying operation
2025-06-08 00:46:14 [WARN] (PaymentService) - Slow response detected
2025-06-08 08:31:29 [INFO] (UserAPI) - Request processed
2025-06-07 19:00:23 [WARN] (EmailWorker) - Retrying operation
2025-06-08 14:54:43 [INFO] (AuthService) - Request processed
2025-06-08 09:24:03 [DEBUG] (PaymentService) - Variable x initialized
2025-06-08 03:20:09 [INFO] (EmailWorker) - Heartbeat check passed
2025-06-08 06:21:32 [DEBUG] (EmailWorker) - Variable x initialized
2025-06-08 13:13:07 [INFO] (UserAPI) - Heartbeat check passed
2025-06-08 16:02:35 [ERROR] (DBConnector) - Failed to connect to DB
2025-06-08 16:29:45 [INFO] (PaymentService) - Request processed
2025-06-08 06:01:22 [DEBUG] (PaymentService) - Cache miss, retrying
2025-06-07 18:08:37 [DEBUG] (EmailWorker) - Variable x initialized
2025-06-08 05:28:20 [INFO] (AuthService) - Request processed
2025-06-08 00:31:48 [CRITICAL] (PaymentService) - System out of memory
2025-06-08 08:50:16 [INFO] (DBConnector) - Heartbeat check passed
2025-06-07 21:19:31 [INFO] (AuthService) - Data fetched successfully
2025-06-07 17:46:50 [INFO] (UserAPI) - Service started
2025-06-08 11:59:46 [INFO] (UserAPI) - Request processed
2025-06-08 14:54:16 [WARN] (PaymentService) - Retrying operation
2025-06-08 03:17:07 [INFO] (AuthService) - Heartbeat check passed
2025-06-07 19:04:15 [WARN] (AuthService) - Deprecated API used
2025-06-08 11:23:12 [DEBUG] (DBConnector) - User ID parsed
2025-06-08 14:08:13 [INFO] (PaymentService) - Heartbeat check passed
2025-06-07 20:20:34 [DEBUG] (DBConnector) - SQL Query prepared
2025-06-08 16:38:19 [INFO] (AuthService) - Request processed
2025-06-08 12:17:04 [INFO] (PaymentService) - Heartbeat check passed
2025-06-07 21:53:47 [INFO] (AuthService) - Heartbeat check passed
2025-06-08 08:56:08 [INFO] (PaymentService) - Heartbeat check passed
2025-06-08 12:47:03 [INFO] (DBConnector) - Request processed
2025-06-08 15:13:47 [INFO] (PaymentService) - Request processed
2025-06-08 06:39:56 [INFO] (UserAPI) - Service started
2025-06-08 14:20:11 [INFO] (PaymentService) - Data fetched successfully
2025-06-07 20:29:54 [INFO] (AuthService) - Heartbeat check passed
2025-06-07 17:22:00 [INFO] (AuthService) - Heartbeat check passed
2025-06-08 17:45:52 [INFO] (PaymentService) - Service started
2025-06-08 11:54:37 [WARN] (UserAPI) - Deprecated API used
2025-06-08 12:37:35 [INFO] (DBConnector) - Request processed
2025-06-07 19:38:34 [INFO] (PaymentService) - Data fetched successfully
2025-06-07 23:34:12 [INFO] (AuthService) - Service started
2025-06-08 17:00:52 [INFO] (PaymentService) - Request processed
2025-06-08 01:50:56 [INFO] (DBConnector) - Service started
2025-06-08 15:07:33 [DEBUG] (DBConnector) - Cache miss, retrying
2025-06-07 22:41:14 [INFO] (EmailWorker) - Request processed
2025-06-08 16:22:23 [INFO] (DBConnector) - Request processed
2025-06-07 17:39:57 [INFO] (UserAPI) - Service started
2025-06-08 05:16:03 [INFO] (EmailWorker) - Service started
2025-06-08 01:24:42 [INFO] (EmailWorker) - Heartbeat check passed
2025-06-08 10:20:43 [WARN] (DBConnector) - High memory usage
2025-06-08 15:15:13 [INFO] (EmailWorker) - Request processed
2025-06-08 06:07:14 [ERROR] (PaymentService) - Timeout while calling external service
2025-06-08 06:40:53 [ERROR] (DBConnector) - Unhandled exception
2025-06-08 17:26:50 [INFO] (DBConnector) - Heartbeat check passed
2025-06-08 13:28:49 [INFO] (AuthService) - Data fetched successfully
2025-06-08 03:15:02 [DEBUG] (AuthService) - Cache miss, retrying
2025-06-08 12:17:43 [INFO] (PaymentService) - Service started
2025-06-08 06:36:41 [INFO] (PaymentService) - Request processed
2025-06-08 16:00:41 [INFO] (DBConnector) - Service started
2025-06-08 13:25:31 [INFO] (DBConnector) - Heartbeat check passed
2025-06-08 11:39:37 [INFO] (PaymentService) - Request processed
2025-06-08 03:15:03 [DEBUG] (AuthService) - Cache miss, retrying
2025-06-08 20:55:10 [INFO] (EmailWorker) - Request processed
2025-06-08 13:26:51 [INFO] (PaymentService) - Data fetched successfully
2025-06-08 07:29:19 [WARN] (EmailWorker) - Slow response detected
2025-06-08 19:22:22 [WARN] (UserAPI) - Slow response detected
2025-06-07 20:51:07 [INFO] (EmailWorker) - Service started
2025-06-07 23:37:24 [INFO] (AuthService) - Request processed
2025-06-08 01:37:30 [DEBUG] (DBConnector) - SQL Query prepared
2025-06-08 20:07:12 [DEBUG] (PaymentService) - Cache miss, retrying
2025-06-08 08:14:30 [DEBUG] (UserAPI) - SQL Query prepared
2025-06-08 14:57:04 [INFO] (PaymentService) - Request processed
2025-06-08 12:07:47 [DEBUG] (EmailWorker) - SQL Query prepared
2025-06-08 12:27:26 [DEBUG] (PaymentService) - SQL Query prepared
2025-06-07 17:34:15 [DEBUG] (UserAPI) - User ID parsed
